<?xml version="1.0" encoding="UTF-8"?>
<testng-results skipped="0" failed="0" total="1" passed="1">
  <reporter-output>
  </reporter-output>
  <suite name="Default suite" duration-ms="18999" started-at="2017-03-10T03:46:00Z" finished-at="2017-03-10T03:46:19Z">
    <groups>
    </groups>
    <test name="Default test" duration-ms="18999" started-at="2017-03-10T03:46:00Z" finished-at="2017-03-10T03:46:19Z">
      <class name="com.primusbank.tests.NewBranchCreationTest">
        <test-method status="PASS" signature="launchApp()[pri:0, instance:com.primusbank.tests.NewBranchCreationTest@5431ccfe]" name="launchApp" is-config="true" duration-ms="671" started-at="2017-03-10T09:15:59Z" finished-at="2017-03-10T09:16:00Z">
          <reporter-output>
          </reporter-output>
        </test-method> <!-- launchApp -->
        <test-method status="PASS" signature="adminLogin()[pri:0, instance:com.primusbank.tests.NewBranchCreationTest@5431ccfe]" name="adminLogin" is-config="true" duration-ms="1035" started-at="2017-03-10T09:16:00Z" finished-at="2017-03-10T09:16:01Z">
          <reporter-output>
          </reporter-output>
        </test-method> <!-- adminLogin -->
        <test-method status="PASS" signature="createBranchTest()[pri:0, instance:com.primusbank.tests.NewBranchCreationTest@5431ccfe]" name="createBranchTest" duration-ms="17711" started-at="2017-03-10T09:16:01Z" finished-at="2017-03-10T09:16:19Z">
          <reporter-output>
          </reporter-output>
        </test-method> <!-- createBranchTest -->
        <test-method status="PASS" signature="adminLogout()[pri:0, instance:com.primusbank.tests.NewBranchCreationTest@5431ccfe]" name="adminLogout" is-config="true" duration-ms="241" started-at="2017-03-10T09:16:19Z" finished-at="2017-03-10T09:16:19Z">
          <reporter-output>
          </reporter-output>
        </test-method> <!-- adminLogout -->
        <test-method status="PASS" signature="closeApp()[pri:0, instance:com.primusbank.tests.NewBranchCreationTest@5431ccfe]" name="closeApp" is-config="true" duration-ms="10" started-at="2017-03-10T09:16:19Z" finished-at="2017-03-10T09:16:19Z">
          <reporter-output>
          </reporter-output>
        </test-method> <!-- closeApp -->
      </class> <!-- com.primusbank.tests.NewBranchCreationTest -->
    </test> <!-- Default test -->
  </suite> <!-- Default suite -->
</testng-results>
